This is XeTeX, Version 3.141592653-2.6-0.999995 (TeX Live 2023/nixos.org) (preloaded format=xelatex 1980.1.1)  14 MAY 2025 18:26
entering extended mode
 \write18 enabled.
 %&-line parsing enabled.
**document.tex
(./document.tex
LaTeX2e <2023-11-01> patch level 1
L3 programming layer <2024-02-20>
(/nix/store/72dyg4qw90faq9v17l5qyq0dbfp24wy0-texlive-combined-2023-texmfdist/tex/latex/base/article.cls
Document Class: article 2023/05/17 v1.4n Standard LaTeX document class
(/nix/store/72dyg4qw90faq9v17l5qyq0dbfp24wy0-texlive-combined-2023-texmfdist/tex/latex/base/size12.clo
File: size12.clo 2023/05/17 v1.4n Standard LaTeX file (size option)
)
\c@part=\count184
\c@section=\count185
\c@subsection=\count186
\c@subsubsection=\count187
\c@paragraph=\count188
\c@subparagraph=\count189
\c@figure=\count190
\c@table=\count191
\abovecaptionskip=\skip48
\belowcaptionskip=\skip49
\bibindent=\dimen140
) (/nix/store/72dyg4qw90faq9v17l5qyq0dbfp24wy0-texlive-combined-2023-texmfdist/tex/latex/titlesec/titlesec.sty
Package: titlesec 2023/10/27 v2.16 Sectioning titles
\ttl@box=\box51
\beforetitleunit=\skip50
\aftertitleunit=\skip51
\ttl@plus=\dimen141
\ttl@minus=\dimen142
\ttl@toksa=\toks17
\titlewidth=\dimen143
\titlewidthlast=\dimen144
\titlewidthfirst=\dimen145
 (/nix/store/72dyg4qw90faq9v17l5qyq0dbfp24wy0-texlive-combined-2023-texmfdist/tex/latex/titlesec/titleps.sty)) (/nix/store/72dyg4qw90faq9v17l5qyq0dbfp24wy0-texlive-combined-2023-texmfdist/tex/latex/amsmath/amsmath.sty
Package: amsmath 2023/05/13 v2.17o AMS math features
\@mathmargin=\skip52

For additional information on amsmath, use the `?' option.
(/nix/store/72dyg4qw90faq9v17l5qyq0dbfp24wy0-texlive-combined-2023-texmfdist/tex/latex/amsmath/amstext.sty
Package: amstext 2021/08/26 v2.01 AMS text
 (/nix/store/72dyg4qw90faq9v17l5qyq0dbfp24wy0-texlive-combined-2023-texmfdist/tex/latex/amsmath/amsgen.sty
File: amsgen.sty 1999/11/30 v2.0 generic functions
\@emptytoks=\toks18
\ex@=\dimen146
)) (/nix/store/72dyg4qw90faq9v17l5qyq0dbfp24wy0-texlive-combined-2023-texmfdist/tex/latex/amsmath/amsbsy.sty
Package: amsbsy 1999/11/29 v1.2d Bold Symbols
\pmbraise@=\dimen147
) (/nix/store/72dyg4qw90faq9v17l5qyq0dbfp24wy0-texlive-combined-2023-texmfdist/tex/latex/amsmath/amsopn.sty
Package: amsopn 2022/04/08 v2.04 operator names
)
\inf@bad=\count192
LaTeX Info: Redefining \frac on input line 234.
\uproot@=\count193
\leftroot@=\count194
LaTeX Info: Redefining \overline on input line 399.
LaTeX Info: Redefining \colon on input line 410.
\classnum@=\count195
\DOTSCASE@=\count196
LaTeX Info: Redefining \ldots on input line 496.
LaTeX Info: Redefining \dots on input line 499.
LaTeX Info: Redefining \cdots on input line 620.
\Mathstrutbox@=\box52
\strutbox@=\box53
LaTeX Info: Redefining \big on input line 722.
LaTeX Info: Redefining \Big on input line 723.
LaTeX Info: Redefining \bigg on input line 724.
LaTeX Info: Redefining \Bigg on input line 725.
\big@size=\dimen148
LaTeX Font Info:    Redeclaring font encoding OML on input line 743.
LaTeX Font Info:    Redeclaring font encoding OMS on input line 744.
\macc@depth=\count197
LaTeX Info: Redefining \bmod on input line 905.
LaTeX Info: Redefining \pmod on input line 910.
LaTeX Info: Redefining \smash on input line 940.
LaTeX Info: Redefining \relbar on input line 970.
LaTeX Info: Redefining \Relbar on input line 971.
\c@MaxMatrixCols=\count198
\dotsspace@=\muskip16
\c@parentequation=\count199
\dspbrk@lvl=\count266
\tag@help=\toks19
\row@=\count267
\column@=\count268
\maxfields@=\count269
\andhelp@=\toks20
\eqnshift@=\dimen149
\alignsep@=\dimen150
\tagshift@=\dimen151
\tagwidth@=\dimen152
\totwidth@=\dimen153
\lineht@=\dimen154
\@envbody=\toks21
\multlinegap=\skip53
\multlinetaggap=\skip54
\mathdisplay@stack=\toks22
LaTeX Info: Redefining \[ on input line 2953.
LaTeX Info: Redefining \] on input line 2954.
) (/nix/store/72dyg4qw90faq9v17l5qyq0dbfp24wy0-texlive-combined-2023-texmfdist/tex/latex/amscls/amsthm.sty
Package: amsthm 2020/05/29 v2.20.6
\thm@style=\toks23
\thm@bodyfont=\toks24
\thm@headfont=\toks25
\thm@notefont=\toks26
\thm@headpunct=\toks27
\thm@preskip=\skip55
\thm@postskip=\skip56
\thm@headsep=\skip57
\dth@everypar=\toks28
) (/nix/store/72dyg4qw90faq9v17l5qyq0dbfp24wy0-texlive-combined-2023-texmfdist/tex/latex/amsfonts/amssymb.sty
Package: amssymb 2013/01/14 v3.01 AMS font symbols
 (/nix/store/72dyg4qw90faq9v17l5qyq0dbfp24wy0-texlive-combined-2023-texmfdist/tex/latex/amsfonts/amsfonts.sty
Package: amsfonts 2013/01/14 v3.01 Basic AMSFonts support
\symAMSa=\mathgroup4
\symAMSb=\mathgroup5
LaTeX Font Info:    Redeclaring math symbol \hbar on input line 98.
LaTeX Font Info:    Overwriting math alphabet `\mathfrak' in version `bold'
(Font)                  U/euf/m/n --> U/euf/b/n on input line 106.
)) (/nix/store/72dyg4qw90faq9v17l5qyq0dbfp24wy0-texlive-combined-2023-texmfdist/tex/latex/hyperref/hyperref.sty
Package: hyperref 2024-01-20 v7.01h Hypertext links for LaTeX
 (/nix/store/72dyg4qw90faq9v17l5qyq0dbfp24wy0-texlive-combined-2023-texmfdist/tex/generic/iftex/iftex.sty
Package: iftex 2022/02/03 v1.0f TeX engine tests
) (/nix/store/72dyg4qw90faq9v17l5qyq0dbfp24wy0-texlive-combined-2023-texmfdist/tex/latex/graphics/keyval.sty
Package: keyval 2022/05/29 v1.15 key=value parser (DPC)
\KV@toks@=\toks29
) (/nix/store/72dyg4qw90faq9v17l5qyq0dbfp24wy0-texlive-combined-2023-texmfdist/tex/latex/kvsetkeys/kvsetkeys.sty
Package: kvsetkeys 2022-10-05 v1.19 Key value parser (HO)
) (/nix/store/72dyg4qw90faq9v17l5qyq0dbfp24wy0-texlive-combined-2023-texmfdist/tex/generic/kvdefinekeys/kvdefinekeys.sty
Package: kvdefinekeys 2019-12-19 v1.6 Define keys (HO)
) (/nix/store/72dyg4qw90faq9v17l5qyq0dbfp24wy0-texlive-combined-2023-texmfdist/tex/generic/pdfescape/pdfescape.sty
Package: pdfescape 2019/12/09 v1.15 Implements pdfTeX's escape features (HO)
 (/nix/store/72dyg4qw90faq9v17l5qyq0dbfp24wy0-texlive-combined-2023-texmfdist/tex/generic/ltxcmds/ltxcmds.sty
Package: ltxcmds 2023-12-04 v1.26 LaTeX kernel commands for general use (HO)
) (/nix/store/72dyg4qw90faq9v17l5qyq0dbfp24wy0-texlive-combined-2023-texmfdist/tex/generic/pdftexcmds/pdftexcmds.sty
Package: pdftexcmds 2020-06-27 v0.33 Utility functions of pdfTeX for LuaTeX (HO)
 (/nix/store/72dyg4qw90faq9v17l5qyq0dbfp24wy0-texlive-combined-2023-texmfdist/tex/generic/infwarerr/infwarerr.sty
Package: infwarerr 2019/12/03 v1.5 Providing info/warning/error messages (HO)
)
Package pdftexcmds Info: \pdf@primitive is available.
Package pdftexcmds Info: \pdf@ifprimitive is available.
Package pdftexcmds Info: \pdfdraftmode not found.
)) (/nix/store/72dyg4qw90faq9v17l5qyq0dbfp24wy0-texlive-combined-2023-texmfdist/tex/latex/hycolor/hycolor.sty
Package: hycolor 2020-01-27 v1.10 Color options for hyperref/bookmark (HO)
) (/nix/store/72dyg4qw90faq9v17l5qyq0dbfp24wy0-texlive-combined-2023-texmfdist/tex/latex/auxhook/auxhook.sty
Package: auxhook 2019-12-17 v1.6 Hooks for auxiliary files (HO)
)
(/nix/store/72dyg4qw90faq9v17l5qyq0dbfp24wy0-texlive-combined-2023-texmfdist/tex/latex/hyperref/nameref.sty
Package: nameref 2023-11-26 v2.56 Cross-referencing by name of section
 (/nix/store/72dyg4qw90faq9v17l5qyq0dbfp24wy0-texlive-combined-2023-texmfdist/tex/latex/refcount/refcount.sty
Package: refcount 2019/12/15 v3.6 Data extraction from label references (HO)
) (/nix/store/72dyg4qw90faq9v17l5qyq0dbfp24wy0-texlive-combined-2023-texmfdist/tex/generic/gettitlestring/gettitlestring.sty
Package: gettitlestring 2019/12/15 v1.6 Cleanup title references (HO)
 (/nix/store/72dyg4qw90faq9v17l5qyq0dbfp24wy0-texlive-combined-2023-texmfdist/tex/latex/kvoptions/kvoptions.sty
Package: kvoptions 2022-06-15 v3.15 Key value format for package options (HO)
))
\c@section@level=\count270
) (/nix/store/72dyg4qw90faq9v17l5qyq0dbfp24wy0-texlive-combined-2023-texmfdist/tex/latex/etoolbox/etoolbox.sty
Package: etoolbox 2020/10/05 v2.5k e-TeX tools for LaTeX (JAW)
\etb@tempcnta=\count271
)
\@linkdim=\dimen155
\Hy@linkcounter=\count272
\Hy@pagecounter=\count273
 (/nix/store/72dyg4qw90faq9v17l5qyq0dbfp24wy0-texlive-combined-2023-texmfdist/tex/latex/hyperref/pd1enc.def
File: pd1enc.def 2024-01-20 v7.01h Hyperref: PDFDocEncoding definition (HO)
) (/nix/store/72dyg4qw90faq9v17l5qyq0dbfp24wy0-texlive-combined-2023-texmfdist/tex/generic/intcalc/intcalc.sty
Package: intcalc 2019/12/15 v1.3 Expandable calculations with integers (HO)
)
\Hy@SavedSpaceFactor=\count274
 (/nix/store/72dyg4qw90faq9v17l5qyq0dbfp24wy0-texlive-combined-2023-texmfdist/tex/latex/hyperref/puenc.def
File: puenc.def 2024-01-20 v7.01h Hyperref: PDF Unicode definition (HO)
)
Package hyperref Info: Hyper figures OFF on input line 4179.
Package hyperref Info: Link nesting OFF on input line 4184.
Package hyperref Info: Hyper index ON on input line 4187.
Package hyperref Info: Plain pages OFF on input line 4194.
Package hyperref Info: Backreferencing OFF on input line 4199.
Package hyperref Info: Implicit mode ON; LaTeX internals redefined.
Package hyperref Info: Bookmarks ON on input line 4446.
\c@Hy@tempcnt=\count275
 (/nix/store/72dyg4qw90faq9v17l5qyq0dbfp24wy0-texlive-combined-2023-texmfdist/tex/latex/url/url.sty
\Urlmuskip=\muskip17
Package: url 2013/09/16  ver 3.4  Verb mode for urls, etc.
)
LaTeX Info: Redefining \url on input line 4784.
\XeTeXLinkMargin=\dimen156
 (/nix/store/72dyg4qw90faq9v17l5qyq0dbfp24wy0-texlive-combined-2023-texmfdist/tex/generic/bitset/bitset.sty
Package: bitset 2019/12/09 v1.3 Handle bit-vector datatype (HO)
 (/nix/store/72dyg4qw90faq9v17l5qyq0dbfp24wy0-texlive-combined-2023-texmfdist/tex/generic/bigintcalc/bigintcalc.sty
Package: bigintcalc 2019/12/15 v1.5 Expandable calculations on big integers (HO)
))
\Fld@menulength=\count276
\Field@Width=\dimen157
\Fld@charsize=\dimen158
Package hyperref Info: Hyper figures OFF on input line 6063.
Package hyperref Info: Link nesting OFF on input line 6068.
Package hyperref Info: Hyper index ON on input line 6071.
Package hyperref Info: backreferencing OFF on input line 6078.
Package hyperref Info: Link coloring OFF on input line 6083.
Package hyperref Info: Link coloring with OCG OFF on input line 6088.
Package hyperref Info: PDF/A mode OFF on input line 6093.
 (/nix/store/72dyg4qw90faq9v17l5qyq0dbfp24wy0-texlive-combined-2023-texmfdist/tex/latex/base/atbegshi-ltx.sty
Package: atbegshi-ltx 2021/01/10 v1.0c Emulation of the original atbegshi
package with kernel methods
)
\Hy@abspage=\count277
\c@Item=\count278
\c@Hfootnote=\count279
)
Package hyperref Info: Driver (autodetected): hxetex.
 (/nix/store/72dyg4qw90faq9v17l5qyq0dbfp24wy0-texlive-combined-2023-texmfdist/tex/latex/hyperref/hxetex.def
File: hxetex.def 2024-01-20 v7.01h Hyperref driver for XeTeX
 (/nix/store/72dyg4qw90faq9v17l5qyq0dbfp24wy0-texlive-combined-2023-texmfdist/tex/generic/stringenc/stringenc.sty
Package: stringenc 2019/11/29 v1.12 Convert strings between diff. encodings (HO)
)
\pdfm@box=\box54
\c@Hy@AnnotLevel=\count280
\HyField@AnnotCount=\count281
\Fld@listcount=\count282
\c@bookmark@seq@number=\count283
 (/nix/store/72dyg4qw90faq9v17l5qyq0dbfp24wy0-texlive-combined-2023-texmfdist/tex/latex/rerunfilecheck/rerunfilecheck.sty
Package: rerunfilecheck 2022-07-10 v1.10 Rerun checks for auxiliary files (HO)
 (/nix/store/72dyg4qw90faq9v17l5qyq0dbfp24wy0-texlive-combined-2023-texmfdist/tex/latex/base/atveryend-ltx.sty
Package: atveryend-ltx 2020/08/19 v1.0a Emulation of the original atveryend package
with kernel methods
) (/nix/store/72dyg4qw90faq9v17l5qyq0dbfp24wy0-texlive-combined-2023-texmfdist/tex/generic/uniquecounter/uniquecounter.sty
Package: uniquecounter 2019/12/15 v1.4 Provide unlimited unique counter (HO)
)
Package uniquecounter Info: New unique counter `rerunfilecheck' on input line 285.
)
\Hy@SectionHShift=\skip58
)
Package hyperref Info: Option `colorlinks' set `true' on input line 14.

(/nix/store/72dyg4qw90faq9v17l5qyq0dbfp24wy0-texlive-combined-2023-texmfdist/tex/latex/cleveref/cleveref.sty
Package: cleveref 2018/03/27 v0.21.4 Intelligent cross-referencing
Package cleveref Info: `hyperref' support loaded on input line 2370.
LaTeX Info: Redefining \cref on input line 2370.
LaTeX Info: Redefining \Cref on input line 2370.
LaTeX Info: Redefining \crefrange on input line 2370.
LaTeX Info: Redefining \Crefrange on input line 2370.
LaTeX Info: Redefining \cpageref on input line 2370.
LaTeX Info: Redefining \Cpageref on input line 2370.
LaTeX Info: Redefining \cpagerefrange on input line 2370.
LaTeX Info: Redefining \Cpagerefrange on input line 2370.
LaTeX Info: Redefining \labelcref on input line 2370.
LaTeX Info: Redefining \labelcpageref on input line 2370.
Package cleveref Info: `amsthm' support loaded on input line 3026.
) (/nix/store/72dyg4qw90faq9v17l5qyq0dbfp24wy0-texlive-combined-2023-texmfdist/tex/latex/mathtools/mathtools.sty
Package: mathtools 2024/03/11 v1.30 mathematical typesetting tools
 (/nix/store/72dyg4qw90faq9v17l5qyq0dbfp24wy0-texlive-combined-2023-texmfdist/tex/latex/tools/calc.sty
Package: calc 2023/07/08 v4.3 Infix arithmetic (KKT,FJ)
\calc@Acount=\count284
\calc@Bcount=\count285
\calc@Adimen=\dimen159
\calc@Bdimen=\dimen160
\calc@Askip=\skip59
\calc@Bskip=\skip60
LaTeX Info: Redefining \setlength on input line 80.
LaTeX Info: Redefining \addtolength on input line 81.
\calc@Ccount=\count286
\calc@Cskip=\skip61
) (/nix/store/72dyg4qw90faq9v17l5qyq0dbfp24wy0-texlive-combined-2023-texmfdist/tex/latex/mathtools/mhsetup.sty
Package: mhsetup 2021/03/18 v1.4 programming setup (MH)
)
\g_MT_multlinerow_int=\count287
\l_MT_multwidth_dim=\dimen161
\origjot=\skip62
\l_MT_shortvdotswithinadjustabove_dim=\dimen162
\l_MT_shortvdotswithinadjustbelow_dim=\dimen163
\l_MT_above_intertext_sep=\dimen164
\l_MT_below_intertext_sep=\dimen165
\l_MT_above_shortintertext_sep=\dimen166
\l_MT_below_shortintertext_sep=\dimen167
\xmathstrut@box=\box55
\xmathstrut@dim=\dimen168
) (/nix/store/72dyg4qw90faq9v17l5qyq0dbfp24wy0-texlive-combined-2023-texmfdist/tex/xelatex/mathspec/mathspec.sty
Package: mathspec 2016/12/22 v0.2b LaTeX Package (Mathematics font selection for XeLaTeX)
 (/nix/store/72dyg4qw90faq9v17l5qyq0dbfp24wy0-texlive-combined-2023-texmfdist/tex/generic/iftex/ifxetex.sty
Package: ifxetex 2019/10/25 v0.7 ifxetex legacy package. Use iftex instead.
) (/nix/store/72dyg4qw90faq9v17l5qyq0dbfp24wy0-texlive-combined-2023-texmfdist/tex/latex/fontspec/fontspec.sty (/nix/store/72dyg4qw90faq9v17l5qyq0dbfp24wy0-texlive-combined-2023-texmfdist/tex/latex/l3packages/xparse/xparse.sty (/nix/store/72dyg4qw90faq9v17l5qyq0dbfp24wy0-texlive-combined-2023-texmfdist/tex/latex/l3kernel/expl3.sty
Package: expl3 2024-02-20 L3 programming layer (loader) 
 (/nix/store/72dyg4qw90faq9v17l5qyq0dbfp24wy0-texlive-combined-2023-texmfdist/tex/latex/l3backend/l3backend-xetex.def
File: l3backend-xetex.def 2024-02-20 L3 backend support: XeTeX
\g__graphics_track_int=\count288
\l__pdf_internal_box=\box56
\g__pdf_backend_object_int=\count289
\g__pdf_backend_annotation_int=\count290
\g__pdf_backend_link_int=\count291
))
Package: xparse 2024-02-18 L3 Experimental document command parser
)
Package: fontspec 2024/02/13 v2.9a Font selection for XeLaTeX and LuaLaTeX
 (/nix/store/72dyg4qw90faq9v17l5qyq0dbfp24wy0-texlive-combined-2023-texmfdist/tex/latex/fontspec/fontspec-xetex.sty
Package: fontspec-xetex 2024/02/13 v2.9a Font selection for XeLaTeX and LuaLaTeX
\l__fontspec_script_int=\count292
\l__fontspec_language_int=\count293
\l__fontspec_strnum_int=\count294
\l__fontspec_tmp_int=\count295
\l__fontspec_tmpa_int=\count296
\l__fontspec_tmpb_int=\count297
\l__fontspec_tmpc_int=\count298
\l__fontspec_em_int=\count299
\l__fontspec_emdef_int=\count300
\l__fontspec_strong_int=\count301
\l__fontspec_strongdef_int=\count302
\l__fontspec_tmpa_dim=\dimen169
\l__fontspec_tmpb_dim=\dimen170
\l__fontspec_tmpc_dim=\dimen171
 (/nix/store/72dyg4qw90faq9v17l5qyq0dbfp24wy0-texlive-combined-2023-texmfdist/tex/latex/base/fontenc.sty
Package: fontenc 2021/04/29 v2.0v Standard LaTeX package
) (/nix/store/72dyg4qw90faq9v17l5qyq0dbfp24wy0-texlive-combined-2023-texmfdist/tex/latex/fontspec/fontspec.cfg))) (/nix/store/72dyg4qw90faq9v17l5qyq0dbfp24wy0-texlive-combined-2023-texmfdist/tex/latex/xkeyval/xkeyval.sty
Package: xkeyval 2022/06/16 v2.9 package option processing (HA)
 (/nix/store/72dyg4qw90faq9v17l5qyq0dbfp24wy0-texlive-combined-2023-texmfdist/tex/generic/xkeyval/xkeyval.tex (/nix/store/72dyg4qw90faq9v17l5qyq0dbfp24wy0-texlive-combined-2023-texmfdist/tex/generic/xkeyval/xkvutils.tex
\XKV@toks=\toks30
\XKV@tempa@toks=\toks31
)
\XKV@depth=\count303
File: xkeyval.tex 2014/12/03 v2.7a key=value parser (HA)
))
\c@eu@=\count304
\c@eu@i=\count305
\c@mkern=\count306
) (/nix/store/72dyg4qw90faq9v17l5qyq0dbfp24wy0-texlive-combined-2023-texmfdist/tex/xelatex/xunicode/xunicode.sty
File: xunicode.sty 2011/09/09 v0.981 provides access to latin accents and many other characters in Unicode lower plane
 (/nix/store/72dyg4qw90faq9v17l5qyq0dbfp24wy0-texlive-combined-2023-texmfdist/tex/latex/tipa/t3enc.def
File: t3enc.def 2001/12/31 T3 encoding
)
\tipaTiiicode=\count307
\tipasavetokens=\toks32
\tipachecktokens=\toks33

(/nix/store/72dyg4qw90faq9v17l5qyq0dbfp24wy0-texlive-combined-2023-texmfdist/tex/latex/graphics/graphicx.sty
Package: graphicx 2021/09/16 v1.2d Enhanced LaTeX Graphics (DPC,SPQR)
 (/nix/store/72dyg4qw90faq9v17l5qyq0dbfp24wy0-texlive-combined-2023-texmfdist/tex/latex/graphics/graphics.sty
Package: graphics 2022/03/10 v1.4e Standard LaTeX Graphics (DPC,SPQR)
 (/nix/store/72dyg4qw90faq9v17l5qyq0dbfp24wy0-texlive-combined-2023-texmfdist/tex/latex/graphics/trig.sty
Package: trig 2021/08/11 v1.11 sin cos tan (DPC)
) (/nix/store/72dyg4qw90faq9v17l5qyq0dbfp24wy0-texlive-combined-2023-texmfdist/tex/latex/graphics-cfg/graphics.cfg
File: graphics.cfg 2016/06/04 v1.11 sample graphics configuration
)
Package graphics Info: Driver file: xetex.def on input line 107.
 (/nix/store/72dyg4qw90faq9v17l5qyq0dbfp24wy0-texlive-combined-2023-texmfdist/tex/latex/graphics-def/xetex.def
File: xetex.def 2022/09/22 v5.0n Graphics/color driver for xetex
))
\Gin@req@height=\dimen172
\Gin@req@width=\dimen173
)) (/nix/store/72dyg4qw90faq9v17l5qyq0dbfp24wy0-texlive-combined-2023-texmfdist/tex/xelatex/xltxtra/xltxtra.sty
Package: xltxtra 2018/12/31 v0.7 Improvements for the "XeLaTeX" format
 (/nix/store/72dyg4qw90faq9v17l5qyq0dbfp24wy0-texlive-combined-2023-texmfdist/tex/generic/iftex/ifluatex.sty
Package: ifluatex 2019/10/25 v1.5 ifluatex legacy package. Use iftex instead.
) (/nix/store/72dyg4qw90faq9v17l5qyq0dbfp24wy0-texlive-combined-2023-texmfdist/tex/latex/realscripts/realscripts.sty
Package: realscripts 2016/02/13 v0.3d Access OpenType subscripts and superscripts
\subsupersep=\dimen174
) (/nix/store/72dyg4qw90faq9v17l5qyq0dbfp24wy0-texlive-combined-2023-texmfdist/tex/latex/metalogo/metalogo.sty
Package: metalogo 2010/05/29 v0.12 Extended TeX logo macros
\xl@everylogo=\toks34
\xl@@everylogo=\toks35
LaTeX Info: Redefining \TeX on input line 193.
LaTeX Info: Redefining \LaTeX on input line 202.
LaTeX Info: Redefining \LaTeXe on input line 219.
)
\l__xetex_show_hyphens_wrapping_box=\box57
\l__xetex_show_hyphens_temp_box=\box58
\l__xetex_show_hyphens_final_box=\box59
\g__xetex_show_hyphens_word_box=\box60
) (/nix/store/72dyg4qw90faq9v17l5qyq0dbfp24wy0-texlive-combined-2023-texmfdist/tex/xelatex/xecyr/xecyr.sty
Package: xecyr 2019/10/04 v1.2 Definitions for Cyrillic Babel and XeLaTeX/LuaTeX compatibility
) (/nix/store/72dyg4qw90faq9v17l5qyq0dbfp24wy0-texlive-combined-2023-texmfdist/tex/latex/minted/minted.sty
Package: minted 2023/12/18 v2.9 Yet another Pygments shim for LaTeX
 (/nix/store/72dyg4qw90faq9v17l5qyq0dbfp24wy0-texlive-combined-2023-texmfdist/tex/latex/fvextra/fvextra.sty
Package: fvextra 2023/11/28 v1.6.1 fvextra - extensions and patches for fancyvrb
 (/nix/store/72dyg4qw90faq9v17l5qyq0dbfp24wy0-texlive-combined-2023-texmfdist/tex/latex/fancyvrb/fancyvrb.sty
Package: fancyvrb 2024/01/20 4.5c verbatim text (tvz,hv)
\FV@CodeLineNo=\count308
\FV@InFile=\read2
\FV@TabBox=\box61
\c@FancyVerbLine=\count309
\FV@StepNumber=\count310
\FV@OutFile=\write3
) (/nix/store/72dyg4qw90faq9v17l5qyq0dbfp24wy0-texlive-combined-2023-texmfdist/tex/latex/upquote/upquote.sty
Package: upquote 2012/04/19 v1.3 upright-quote and grave-accent glyphs in verbatim
 (/nix/store/72dyg4qw90faq9v17l5qyq0dbfp24wy0-texlive-combined-2023-texmfdist/tex/latex/base/textcomp.sty
Package: textcomp 2020/02/02 v2.0n Standard LaTeX package
)) (/nix/store/72dyg4qw90faq9v17l5qyq0dbfp24wy0-texlive-combined-2023-texmfdist/tex/latex/lineno/lineno.sty
Package: lineno 2023/05/20 line numbers on paragraphs v5.3
Invalid UTF-8 byte or sequence at line 292 replaced by U+FFFD.
\linenopenalty=\count311
\output=\toks36
\linenoprevgraf=\count312
\linenumbersep=\dimen175
\linenumberwidth=\dimen176
\c@linenumber=\count313
\c@pagewiselinenumber=\count314
\c@LN@truepage=\count315
\c@internallinenumber=\count316
\c@internallinenumbers=\count317
\quotelinenumbersep=\dimen177
\bframerule=\dimen178
\bframesep=\dimen179
\bframebox=\box62
\linenoamsmath@ams@eqpen=\count318
LaTeX Info: Redefining \\ on input line 3180.
)
\c@FancyVerbWriteLine=\count319
\c@FancyVerbBufferIndex=\count320
\c@FancyVerbBufferLength=\count321
\c@FancyVerbBufferLine=\count322
\c@FV@oldbufferlength=\count323
\c@FV@TrueTabGroupLevel=\count324
\c@FV@TrueTabCounter=\count325
\FV@TabBox@Group=\box63
\FV@TmpLength=\skip63
\c@FV@HighlightLinesStart=\count326
\c@FV@HighlightLinesStop=\count327
\FV@LoopCount=\count328
\FV@NCharsBox=\box64
\FV@BreakIndent=\dimen180
\FV@BreakIndentNChars=\count329
\FV@BreakSymbolSepLeft=\dimen181
\FV@BreakSymbolSepLeftNChars=\count330
\FV@BreakSymbolSepRight=\dimen182
\FV@BreakSymbolSepRightNChars=\count331
\FV@BreakSymbolIndentLeft=\dimen183
\FV@BreakSymbolIndentLeftNChars=\count332
\FV@BreakSymbolIndentRight=\dimen184
\FV@BreakSymbolIndentRightNChars=\count333
\c@FancyVerbLineBreakLast=\count334
\FV@LineBox=\box65
\FV@LineIndentBox=\box66
\c@FV@BreakBufferDepth=\count335
\FV@LineWidth=\dimen185
) (/nix/store/72dyg4qw90faq9v17l5qyq0dbfp24wy0-texlive-combined-2023-texmfdist/tex/latex/base/ifthen.sty
Package: ifthen 2022/04/13 v1.1d Standard LaTeX ifthen package (DPC)
) (/nix/store/72dyg4qw90faq9v17l5qyq0dbfp24wy0-texlive-combined-2023-texmfdist/tex/latex/tools/shellesc.sty
Package: shellesc 2023/07/08 v1.0d unified shell escape interface for LaTeX
Package shellesc Info: Unrestricted shell escape enabled on input line 75.
)
(/nix/store/72dyg4qw90faq9v17l5qyq0dbfp24wy0-texlive-combined-2023-texmfdist/tex/latex/ifplatform/ifplatform.sty
Package: ifplatform 2017/10/13 v0.4a Testing for the operating system
 (/nix/store/72dyg4qw90faq9v17l5qyq0dbfp24wy0-texlive-combined-2023-texmfdist/tex/generic/catchfile/catchfile.sty
Package: catchfile 2019/12/09 v1.8 Catch the contents of a file (HO)
 (/nix/store/72dyg4qw90faq9v17l5qyq0dbfp24wy0-texlive-combined-2023-texmfdist/tex/generic/etexcmds/etexcmds.sty
Package: etexcmds 2019/12/15 v1.7 Avoid name clashes with e-TeX commands (HO)
))
runsystem(uname -s > "document.w18")...executed.

 (./document.w18)
runsystem(rm -- "document.w18")...executed.

) (/nix/store/72dyg4qw90faq9v17l5qyq0dbfp24wy0-texlive-combined-2023-texmfdist/tex/generic/xstring/xstring.sty (/nix/store/72dyg4qw90faq9v17l5qyq0dbfp24wy0-texlive-combined-2023-texmfdist/tex/generic/xstring/xstring.tex
\xs_counta=\count336
\xs_countb=\count337
)
Package: xstring 2023/08/22 v1.86 String manipulations (CT)
) (/nix/store/72dyg4qw90faq9v17l5qyq0dbfp24wy0-texlive-combined-2023-texmfdist/tex/latex/framed/framed.sty
Package: framed 2011/10/22 v 0.96: framed or shaded text with page breaks
\OuterFrameSep=\skip64
\fb@frw=\dimen186
\fb@frh=\dimen187
\FrameRule=\dimen188
\FrameSep=\dimen189
) (/nix/store/72dyg4qw90faq9v17l5qyq0dbfp24wy0-texlive-combined-2023-texmfdist/tex/latex/float/float.sty
Package: float 2001/11/08 v1.3d Float enhancements (AL)
\c@float@type=\count338
\float@exts=\toks37
\float@box=\box67
\@float@everytoks=\toks38
\@floatcapt=\box68
)
\minted@appexistsfile=\read3
\minted@bgbox=\box69
\minted@code=\write4
\c@minted@FancyVerbLineTemp=\count339
\c@minted@pygmentizecounter=\count340
\@float@every@listing=\toks39
\c@listing=\count341
)
runsystem(mkdir -p _minted-document)...executed.

 (/nix/store/72dyg4qw90faq9v17l5qyq0dbfp24wy0-texlive-combined-2023-texmfdist/tex/latex/multirow/multirow.sty
Package: multirow 2021/03/15 v2.8 Span multiple rows of a table
\multirow@colwidth=\skip65
\multirow@cntb=\count342
\multirow@dima=\skip66
\bigstrutjot=\dimen190
) (./hyphenat.tex (/nix/store/72dyg4qw90faq9v17l5qyq0dbfp24wy0-texlive-combined-2023-texmfdist/tex/latex/hyphenat/hyphenat.sty
Package: hyphenat 2009/09/02 v2.3c hyphenation utilities
\langwohyphens=\language50
LaTeX Info: Redefining \_ on input line 43.
)) (/nix/store/72dyg4qw90faq9v17l5qyq0dbfp24wy0-texlive-combined-2023-texmfdist/tex/latex/geometry/geometry.sty
Package: geometry 2020/01/02 v5.9 Page Geometry
 (/nix/store/72dyg4qw90faq9v17l5qyq0dbfp24wy0-texlive-combined-2023-texmfdist/tex/generic/iftex/ifvtex.sty
Package: ifvtex 2019/10/25 v1.7 ifvtex legacy package. Use iftex instead.
)
\Gm@cnth=\count343
\Gm@cntv=\count344
\c@Gm@tempcnt=\count345
\Gm@bindingoffset=\dimen191
\Gm@wd@mp=\dimen192
\Gm@odd@mp=\dimen193
\Gm@even@mp=\dimen194
\Gm@layoutwidth=\dimen195
\Gm@layoutheight=\dimen196
\Gm@layouthoffset=\dimen197
\Gm@layoutvoffset=\dimen198
\Gm@dimlist=\toks40
)

Package fontspec Info: Font family 'TimesNewRoman(0)' created for font 'Times
(fontspec)             New Roman' with options
(fontspec)             [Mapping=tex-text,Ligatures=TeX].
(fontspec)              
(fontspec)              This font family consists of the following NFSS
(fontspec)             series/shapes:
(fontspec)              
(fontspec)             - 'normal' (m/n) with NFSS spec.: <->"Times New
(fontspec)             Roman/OT:language=dflt;mapping=tex-text;"
(fontspec)             - 'small caps'  (m/sc) with NFSS spec.: 
(fontspec)             - 'bold' (b/n) with NFSS spec.: <->"Times New
(fontspec)             Roman/B/OT:language=dflt;mapping=tex-text;"
(fontspec)             - 'bold small caps'  (b/sc) with NFSS spec.: 
(fontspec)             - 'italic' (m/it) with NFSS spec.: <->"Times New
(fontspec)             Roman/I/OT:language=dflt;mapping=tex-text;"
(fontspec)             - 'italic small caps'  (m/scit) with NFSS spec.: 
(fontspec)             - 'bold italic' (b/it) with NFSS spec.: <->"Times New
(fontspec)             Roman/BI/OT:language=dflt;mapping=tex-text;"
(fontspec)             - 'bold italic small caps'  (b/scit) with NFSS spec.: 


Package fontspec Info: Font family 'LiberationSans(0)' created for font
(fontspec)             'Liberation Sans' with options
(fontspec)             [Mapping=tex-text,Ligatures=TeX].
(fontspec)              
(fontspec)              This font family consists of the following NFSS
(fontspec)             series/shapes:
(fontspec)              
(fontspec)             - 'normal' (m/n) with NFSS spec.: <->"Liberation
(fontspec)             Sans/OT:script=latn;language=dflt;mapping=tex-text;"
(fontspec)             - 'small caps'  (m/sc) with NFSS spec.: 
(fontspec)             - 'bold' (b/n) with NFSS spec.: <->"Liberation
(fontspec)             Sans/B/OT:script=latn;language=dflt;mapping=tex-text;"
(fontspec)             - 'bold small caps'  (b/sc) with NFSS spec.: 
(fontspec)             - 'italic' (m/it) with NFSS spec.: <->"Liberation
(fontspec)             Sans/I/OT:script=latn;language=dflt;mapping=tex-text;"
(fontspec)             - 'italic small caps'  (m/scit) with NFSS spec.: 
(fontspec)             - 'bold italic' (b/it) with NFSS spec.: <->"Liberation
(fontspec)             Sans/BI/OT:script=latn;language=dflt;mapping=tex-text;"
(fontspec)             - 'bold italic small caps'  (b/scit) with NFSS spec.: 


Package fontspec Info: Could not resolve font "3270 Nerd Font/BI" (it probably
(fontspec)             doesn't exist).


Package fontspec Info: Could not resolve font "3270 Nerd Font/B" (it probably
(fontspec)             doesn't exist).


Package fontspec Info: Could not resolve font "3270 Nerd Font/I" (it probably
(fontspec)             doesn't exist).


Package fontspec Info: Font family '3270NerdFont(0)' created for font '3270
(fontspec)             Nerd Font' with options
(fontspec)             [Mapping=tex-text,WordSpace={1,0,0},HyphenChar=None,PunctuationSpace=WordSpace].
(fontspec)              
(fontspec)              This font family consists of the following NFSS
(fontspec)             series/shapes:
(fontspec)              
(fontspec)             - 'normal' (m/n) with NFSS spec.: <->"3270 Nerd
(fontspec)             Font/OT:language=dflt;mapping=tex-text;"
(fontspec)             - 'small caps'  (m/sc) with NFSS spec.: 
(fontspec)             and font adjustment code:
(fontspec)             \fontdimen 2\font =1\fontdimen 2\font \fontdimen 3\font
(fontspec)             =0\fontdimen 3\font \fontdimen 4\font =0\fontdimen
(fontspec)             4\font \fontdimen 7\font =0\fontdimen 2\font
(fontspec)             \tex_hyphenchar:D \font =-1\scan_stop: 

 (/nix/store/72dyg4qw90faq9v17l5qyq0dbfp24wy0-texlive-combined-2023-texmfdist/tex/latex/xcolor/xcolor.sty
Package: xcolor 2023/11/15 v3.01 LaTeX color extensions (UK)
 (/nix/store/72dyg4qw90faq9v17l5qyq0dbfp24wy0-texlive-combined-2023-texmfdist/tex/latex/graphics-cfg/color.cfg
File: color.cfg 2016/01/02 v1.6 sample color configuration
)
Package xcolor Info: Driver file: xetex.def on input line 274.
 (/nix/store/72dyg4qw90faq9v17l5qyq0dbfp24wy0-texlive-combined-2023-texmfdist/tex/latex/graphics/mathcolor.ltx)
Package xcolor Info: Model `cmy' substituted by `cmy0' on input line 1350.
Package xcolor Info: Model `RGB' extended on input line 1366.
Package xcolor Info: Model `HTML' substituted by `rgb' on input line 1368.
Package xcolor Info: Model `Hsb' substituted by `hsb' on input line 1369.
Package xcolor Info: Model `tHsb' substituted by `hsb' on input line 1370.
Package xcolor Info: Model `HSB' substituted by `hsb' on input line 1371.
Package xcolor Info: Model `Gray' substituted by `gray' on input line 1372.
Package xcolor Info: Model `wave' substituted by `hsb' on input line 1373.
)
runsystem(command -v pygmentize && touch document.aex)...executed.

runsystem(rm document.aex)...executed.

 (out/document.aux (out/header.aux) (out/content/task.aux))
\openout1 = `document.aux'.

LaTeX Font Info:    Checking defaults for OML/cmm/m/it on input line 83.
LaTeX Font Info:    ... okay on input line 83.
LaTeX Font Info:    Checking defaults for OMS/cmsy/m/n on input line 83.
LaTeX Font Info:    ... okay on input line 83.
LaTeX Font Info:    Checking defaults for OT1/cmr/m/n on input line 83.
LaTeX Font Info:    ... okay on input line 83.
LaTeX Font Info:    Checking defaults for T1/cmr/m/n on input line 83.
LaTeX Font Info:    ... okay on input line 83.
LaTeX Font Info:    Checking defaults for TS1/cmr/m/n on input line 83.
LaTeX Font Info:    Trying to load font information for TS1+cmr on input line 83.
 (/nix/store/72dyg4qw90faq9v17l5qyq0dbfp24wy0-texlive-combined-2023-texmfdist/tex/latex/base/ts1cmr.fd
File: ts1cmr.fd 2023/04/13 v2.5m Standard LaTeX font definitions
)
LaTeX Font Info:    ... okay on input line 83.
LaTeX Font Info:    Checking defaults for TU/lmr/m/n on input line 83.
LaTeX Font Info:    ... okay on input line 83.
LaTeX Font Info:    Checking defaults for OMX/cmex/m/n on input line 83.
LaTeX Font Info:    ... okay on input line 83.
LaTeX Font Info:    Checking defaults for U/cmr/m/n on input line 83.
LaTeX Font Info:    ... okay on input line 83.
LaTeX Font Info:    Checking defaults for PD1/pdf/m/n on input line 83.
LaTeX Font Info:    ... okay on input line 83.
LaTeX Font Info:    Checking defaults for PU/pdf/m/n on input line 83.
LaTeX Font Info:    ... okay on input line 83.
LaTeX Font Info:    Checking defaults for T3/cmr/m/n on input line 83.
LaTeX Font Info:    Trying to load font information for T3+cmr on input line 83.
 (/nix/store/72dyg4qw90faq9v17l5qyq0dbfp24wy0-texlive-combined-2023-texmfdist/tex/latex/tipa/t3cmr.fd
File: t3cmr.fd 2001/12/31 TIPA font definitions
)
LaTeX Font Info:    ... okay on input line 83.
Package hyperref Info: Link coloring ON on input line 83.
 (out/document.out) (out/document.out)
\@outlinefile=\write5
\openout5 = `document.out'.


*geometry* driver: auto-detecting
*geometry* detected driver: xetex
*geometry* verbose mode - [ preamble ] result:
* driver: xetex
* paper: <default>
* layout: <same size as paper>
* layoutoffset:(h,v)=(0.0pt,0.0pt)
* modes: 
* h-part:(L,W,R)=(85.35826pt, 486.25761pt, 42.67912pt)
* v-part:(T,H,B)=(56.62114pt, 681.7277pt, 56.62114pt)
* \paperwidth=614.295pt
* \paperheight=794.96999pt
* \textwidth=486.25761pt
* \textheight=681.7277pt
* \oddsidemargin=13.08827pt
* \evensidemargin=13.08827pt
* \topmargin=-52.64885pt
* \headheight=12.0pt
* \headsep=25.0pt
* \topskip=12.0pt
* \footskip=30.0pt
* \marginparwidth=44.0pt
* \marginparsep=10.0pt
* \columnsep=10.0pt
* \skip\footins=10.8pt plus 4.0pt minus 2.0pt
* \hoffset=0.0pt
* \voffset=0.0pt
* \mag=1000
* \@twocolumnfalse
* \@twosidefalse
* \@mparswitchfalse
* \@reversemarginfalse
* (1in=72.27pt=25.4mm, 1cm=28.453pt)

\openout2 = `header.aux'.

(./header.tex
LaTeX Font Info:    Trying to load font information for U+msa on input line 13.
 (/nix/store/72dyg4qw90faq9v17l5qyq0dbfp24wy0-texlive-combined-2023-texmfdist/tex/latex/amsfonts/umsa.fd
File: umsa.fd 2013/01/14 v3.01 AMS symbols A
)
LaTeX Font Info:    Trying to load font information for U+msb on input line 13.
 (/nix/store/72dyg4qw90faq9v17l5qyq0dbfp24wy0-texlive-combined-2023-texmfdist/tex/latex/amsfonts/umsb.fd
File: umsb.fd 2013/01/14 v3.01 AMS symbols B
)
Underfull \hbox (badness 10000) in paragraph at lines 35--35

 []

) [1


] (out/document.toc)
\tf@toc=\write6
\openout6 = `document.toc'.

 [2


]
\openout2 = `content/task.aux'.

 (./content/task.tex
Overfull \hbox (34.4424pt too wide) in paragraph at lines 24--26
\TU/TimesNewRoman(0)/m/n/12 регулярны, посколько итерация регулярного множества — регулярное множество и конкатенация
 []


Overfull \hbox (26.77742pt too wide) in paragraph at lines 38--38
|[]\TU/TimesNewRoman(0)/b/n/14.4 Построение регулярного выражения для искомого регулярного множества| 
 []

[3

]) [4] (out/document.aux (out/header.aux) (out/content/task.aux))
 ***********
LaTeX2e <2023-11-01> patch level 1
L3 programming layer <2024-02-20>
 ***********
Package rerunfilecheck Info: File `document.out' has not changed.
(rerunfilecheck)             Checksum: 729B24F56E4A7051698F6C6F7FEDDF15;2185.
 ) 
Here is how much of TeX's memory you used:
 22839 strings out of 475980
 443891 string characters out of 5768027
 1934839 words of memory out of 5000000
 44592 multiletter control sequences out of 15000+600000
 563370 words of font info for 92 fonts, out of 8000000 for 9000
 433 hyphenation exceptions out of 8191
 93i,45n,107p,636b,378s stack positions out of 10000i,1000n,20000p,200000b,200000s

Output written on out/document.xdv (4 pages, 31888 bytes).
